<?xml version="1.0" encoding="UTF-8"?>
<!-- Generated by org.testng.reporters.JUnitXMLReporter -->
<testsuite ignored="2" hostname="Bangarus-MacBook-Air.local" failures="2" tests="3" name="EdgeBrowser" time="45.513" errors="0" timestamp="11 Feb 2024 06:30:19 GMT">
  <testcase classname="orangeHRM.SetUpOrangeHRM" name="test" time="0.002">
    <failure type="java.lang.NullPointerException" message="Cannot invoke &amp;quot;org.openqa.selenium.WebDriver.get(String)&amp;quot; because &amp;quot;this.driver&amp;quot; is null">
      <![CDATA[java.lang.NullPointerException: Cannot invoke "org.openqa.selenium.WebDriver.get(String)" because "this.driver" is null
at orangeHRM.SetUpOrangeHRM.test(SetUpOrangeHRM.java:45)
at java.base/java.util.concurrent.ThreadPoolExecutor.runWorker(ThreadPoolExecutor.java:1136)
at java.base/java.util.concurrent.ThreadPoolExecutor$Worker.run(ThreadPoolExecutor.java:635)
at java.base/java.lang.Thread.run(Thread.java:833)
... Removed 10 stack frames]]>
    </failure>
  </testcase> <!-- test -->
  <testcase classname="orangeHRM.LogintoTheWebPage" name="loginWithValidCredentials" time="0.008">
    <failure type="java.lang.NullPointerException" message="Cannot invoke &amp;quot;org.openqa.selenium.WebDriver.get(String)&amp;quot; because &amp;quot;this.driver&amp;quot; is null">
      <![CDATA[java.lang.NullPointerException: Cannot invoke "org.openqa.selenium.WebDriver.get(String)" because "this.driver" is null
at orangeHRM.LogintoTheWebPage.loginWithValidCredentials(LogintoTheWebPage.java:17)
at java.base/java.util.concurrent.ThreadPoolExecutor.runWorker(ThreadPoolExecutor.java:1136)
at java.base/java.util.concurrent.ThreadPoolExecutor$Worker.run(ThreadPoolExecutor.java:635)
at java.base/java.lang.Thread.run(Thread.java:833)
... Removed 10 stack frames]]>
    </failure>
  </testcase> <!-- loginWithValidCredentials -->
  <testcase classname="orangeHRM.SetUpOrangeHRM" name="test" time="38.751"/>
  <testcase classname="orangeHRM.SetUpOrangeHRM" name="@BeforeTest mainRunnerforPagesWebsite" time="0.0">
    <ignored/>
  </testcase> <!-- @BeforeTest mainRunnerforPagesWebsite -->
  <testcase classname="orangeHRM.SetUpOrangeHRM" name="@AfterTest browserQuit" time="0.0">
    <ignored/>
  </testcase> <!-- @AfterTest browserQuit -->
</testsuite> <!-- EdgeBrowser -->
