<?xml version="1.0" encoding="UTF-8"?>
<!-- Generated by org.testng.reporters.JUnitXMLReporter -->
<testsuite ignored="1" hostname="Bangarus-MacBook-Air.local" failures="0" tests="1" name="Default test" time="42.293" errors="0" timestamp="11 Feb 2024 07:11:29 GMT">
  <testcase classname="OrangeCrossBrowser.MainSection" name="loginWithValidCredentials" time="34.407"/>
  <testcase classname="orangeHRM.SetUpOrangeHRM" name="test" time="0.0">
    <ignored/>
  </testcase> <!-- test -->
</testsuite> <!-- Default test -->
