<?xml version="1.0" encoding="UTF-8"?>
<testng-results ignored="1" total="2" passed="1" failed="0" skipped="0">
  <reporter-output>
  </reporter-output>
  <suite started-at="2024-02-11T07:10:46Z" name="Default suite" finished-at="2024-02-11T07:11:28Z" duration-ms="42293">
    <groups>
    </groups>
    <test started-at="2024-02-11T07:10:46Z" name="Default test" finished-at="2024-02-11T07:11:28Z" duration-ms="42293">
      <class name="OrangeCrossBrowser.MainSection">
        <test-method is-config="true" signature="mainRunnerforPagesWebsite(java.lang.String)[pri:0, instance:OrangeCrossBrowser.MainSection@7e5c856f]" started-at="2024-02-11T07:10:46Z" name="mainRunnerforPagesWebsite" finished-at="2024-02-11T07:10:54Z" duration-ms="7669" status="PASS">
          <params>
            <param index="0">
              <value>
                <![CDATA[chrome]]>
              </value>
            </param>
          </params>
          <reporter-output>
          </reporter-output>
        </test-method> <!-- mainRunnerforPagesWebsite -->
        <test-method signature="loginWithValidCredentials()[pri:0, instance:OrangeCrossBrowser.MainSection@7e5c856f]" started-at="2024-02-11T07:10:54Z" name="loginWithValidCredentials" finished-at="2024-02-11T07:11:28Z" duration-ms="34407" status="PASS">
          <reporter-output>
          </reporter-output>
        </test-method> <!-- loginWithValidCredentials -->
        <test-method is-config="true" signature="browserQuit()[pri:0, instance:OrangeCrossBrowser.MainSection@7e5c856f]" started-at="2024-02-11T07:11:28Z" name="browserQuit" finished-at="2024-02-11T07:11:28Z" duration-ms="198" status="PASS">
          <reporter-output>
          </reporter-output>
        </test-method> <!-- browserQuit -->
      </class> <!-- OrangeCrossBrowser.MainSection -->
    </test> <!-- Default test -->
  </suite> <!-- Default suite -->
</testng-results>
